<?xml version="1.0" encoding="UTF-8"?>
<coverage generated="1762965007105" clover="3.2.0">
  <project timestamp="1762965007105" name="All files">
    <metrics statements="5" coveredstatements="4" conditionals="1" coveredconditionals="1" methods="2" coveredmethods="1" elements="8" coveredelements="6" complexity="0" loc="5" ncloc="5" packages="1" files="1" classes="1"/>
    <file name="button1.tsx" path="C:\Users\chersan\WebstormProjects\code-analyzer\example\src\components\button1.tsx">
      <metrics statements="5" coveredstatements="4" conditionals="1" coveredconditionals="1" methods="2" coveredmethods="1"/>
      <line num="1" count="1" type="stmt"/>
      <line num="9" count="1" type="stmt"/>
      <line num="18" count="1" type="cond" truecount="1" falsecount="0"/>
      <line num="22" count="2" type="stmt"/>
      <line num="38" count="0" type="stmt"/>
    </file>
  </project>
</coverage>
