{"C:\\Users\\chersan\\WebstormProjects\\code-analyzer\\example\\src\\components\\button1.tsx": {"path":"C:\\Users\\chersan\\WebstormProjects\\code-analyzer\\example\\src\\components\\button1.tsx","statementMap":{"0":{"start":{"line":1,"column":0},"end":{"line":1,"column":26}},"1":{"start":{"line":9,"column":23},"end":{"line":9,"column":57}},"2":{"start":{"line":18,"column":45},"end":{"line":30,"column":1}},"3":{"start":{"line":22,"column":4},"end":{"line":29,"column":null}},"4":{"start":{"line":18,"column":13},"end":{"line":18,"column":45}},"5":{"start":{"line":38,"column":4},"end":{"line":38,"column":null}}},"fnMap":{"0":{"name":"(anonymous_1)","decl":{"start":{"line":18,"column":45},"end":{"line":18,"column":46}},"loc":{"start":{"line":18,"column":92},"end":{"line":30,"column":1}}},"1":{"name":"UnusedComponent","decl":{"start":{"line":37,"column":9},"end":{"line":37,"column":24}},"loc":{"start":{"line":37,"column":24},"end":{"line":39,"column":1}}}},"branchMap":{"0":{"loc":{"start":{"line":18,"column":67},"end":{"line":18,"column":86}},"type":"default-arg","locations":[{"start":{"line":18,"column":77},"end":{"line":18,"column":86}}]}},"s":{"0":1,"1":1,"2":1,"3":2,"4":1,"5":0},"f":{"0":2,"1":0},"b":{"0":[2]}}
}
